Determining if the include file malloc/malloc.h exists failed with the following output:
Change Dir: /home/slynch/dev/moodle-code-window/emsdk_portable/clang/fastcomp/build_master_64/CMakeFiles/CMakeTmp

Run Build Command:"/usr/bin/make" "cmTryCompileExec1245468276/fast"
/usr/bin/make -f CMakeFiles/cmTryCompileExec1245468276.dir/build.make CMakeFiles/cmTryCompileExec1245468276.dir/build
make[1]: Entering directory '/home/slynch/dev/moodle-code-window/emsdk_portable/clang/fastcomp/build_master_64/CMakeFiles/CMakeTmp'
/usr/bin/cmake -E cmake_progress_report /home/slynch/dev/moodle-code-window/emsdk_portable/clang/fastcomp/build_master_64/CMakeFiles/CMakeTmp/CMakeFiles 1
Building C object CMakeFiles/cmTryCompileExec1245468276.dir/CheckIncludeFile.c.o
/usr/bin/cc    -o CMakeFiles/cmTryCompileExec1245468276.dir/CheckIncludeFile.c.o   -c /home/slynch/dev/moodle-code-window/emsdk_portable/clang/fastcomp/build_master_64/CMakeFiles/CMakeTmp/CheckIncludeFile.c
/home/slynch/dev/moodle-code-window/emsdk_portable/clang/fastcomp/build_master_64/CMakeFiles/CMakeTmp/CheckIncludeFile.c:1:27: fatal error: malloc/malloc.h: No such file or directory
compilation terminated.
CMakeFiles/cmTryCompileExec1245468276.dir/build.make:57: recipe for target 'CMakeFiles/cmTryCompileExec1245468276.dir/CheckIncludeFile.c.o' failed
make[1]: Leaving directory '/home/slynch/dev/moodle-code-window/emsdk_portable/clang/fastcomp/build_master_64/CMakeFiles/CMakeTmp'
make[1]: *** [CMakeFiles/cmTryCompileExec1245468276.dir/CheckIncludeFile.c.o] Error 1
Makefile:117: recipe for target 'cmTryCompileExec1245468276/fast' failed
make: *** [cmTryCompileExec1245468276/fast] Error 2


Determining if the include file ndir.h exists failed with the following output:
Change Dir: /home/slynch/dev/moodle-code-window/emsdk_portable/clang/fastcomp/build_master_64/CMakeFiles/CMakeTmp

Run Build Command:"/usr/bin/make" "cmTryCompileExec3229341774/fast"
/usr/bin/make -f CMakeFiles/cmTryCompileExec3229341774.dir/build.make CMakeFiles/cmTryCompileExec3229341774.dir/build
make[1]: Entering directory '/home/slynch/dev/moodle-code-window/emsdk_portable/clang/fastcomp/build_master_64/CMakeFiles/CMakeTmp'
/usr/bin/cmake -E cmake_progress_report /home/slynch/dev/moodle-code-window/emsdk_portable/clang/fastcomp/build_master_64/CMakeFiles/CMakeTmp/CMakeFiles 1
Building C object CMakeFiles/cmTryCompileExec3229341774.dir/CheckIncludeFile.c.o
/usr/bin/cc    -o CMakeFiles/cmTryCompileExec3229341774.dir/CheckIncludeFile.c.o   -c /home/slynch/dev/moodle-code-window/emsdk_portable/clang/fastcomp/build_master_64/CMakeFiles/CMakeTmp/CheckIncludeFile.c
/home/slynch/dev/moodle-code-window/emsdk_portable/clang/fastcomp/build_master_64/CMakeFiles/CMakeTmp/CheckIncludeFile.c:1:18: fatal error: ndir.h: No such file or directory
compilation terminated.
CMakeFiles/cmTryCompileExec3229341774.dir/build.make:57: recipe for target 'CMakeFiles/cmTryCompileExec3229341774.dir/CheckIncludeFile.c.o' failed
make[1]: Leaving directory '/home/slynch/dev/moodle-code-window/emsdk_portable/clang/fastcomp/build_master_64/CMakeFiles/CMakeTmp'
make[1]: *** [CMakeFiles/cmTryCompileExec3229341774.dir/CheckIncludeFile.c.o] Error 1
Makefile:117: recipe for target 'cmTryCompileExec3229341774/fast' failed
make: *** [cmTryCompileExec3229341774/fast] Error 2


Determining if the include file sys/ndir.h exists failed with the following output:
Change Dir: /home/slynch/dev/moodle-code-window/emsdk_portable/clang/fastcomp/build_master_64/CMakeFiles/CMakeTmp

Run Build Command:"/usr/bin/make" "cmTryCompileExec2769257924/fast"
/usr/bin/make -f CMakeFiles/cmTryCompileExec2769257924.dir/build.make CMakeFiles/cmTryCompileExec2769257924.dir/build
make[1]: Entering directory '/home/slynch/dev/moodle-code-window/emsdk_portable/clang/fastcomp/build_master_64/CMakeFiles/CMakeTmp'
/usr/bin/cmake -E cmake_progress_report /home/slynch/dev/moodle-code-window/emsdk_portable/clang/fastcomp/build_master_64/CMakeFiles/CMakeTmp/CMakeFiles 1
Building C object CMakeFiles/cmTryCompileExec2769257924.dir/CheckIncludeFile.c.o
/usr/bin/cc    -o CMakeFiles/cmTryCompileExec2769257924.dir/CheckIncludeFile.c.o   -c /home/slynch/dev/moodle-code-window/emsdk_portable/clang/fastcomp/build_master_64/CMakeFiles/CMakeTmp/CheckIncludeFile.c
/home/slynch/dev/moodle-code-window/emsdk_portable/clang/fastcomp/build_master_64/CMakeFiles/CMakeTmp/CheckIncludeFile.c:1:22: fatal error: sys/ndir.h: No such file or directory
compilation terminated.
CMakeFiles/cmTryCompileExec2769257924.dir/build.make:57: recipe for target 'CMakeFiles/cmTryCompileExec2769257924.dir/CheckIncludeFile.c.o' failed
make[1]: Leaving directory '/home/slynch/dev/moodle-code-window/emsdk_portable/clang/fastcomp/build_master_64/CMakeFiles/CMakeTmp'
make[1]: *** [CMakeFiles/cmTryCompileExec2769257924.dir/CheckIncludeFile.c.o] Error 1
Makefile:117: recipe for target 'cmTryCompileExec2769257924/fast' failed
make: *** [cmTryCompileExec2769257924/fast] Error 2


Determining if the include file valgrind/valgrind.h exists failed with the following output:
Change Dir: /home/slynch/dev/moodle-code-window/emsdk_portable/clang/fastcomp/build_master_64/CMakeFiles/CMakeTmp

Run Build Command:"/usr/bin/make" "cmTryCompileExec4082854665/fast"
/usr/bin/make -f CMakeFiles/cmTryCompileExec4082854665.dir/build.make CMakeFiles/cmTryCompileExec4082854665.dir/build
make[1]: Entering directory '/home/slynch/dev/moodle-code-window/emsdk_portable/clang/fastcomp/build_master_64/CMakeFiles/CMakeTmp'
/usr/bin/cmake -E cmake_progress_report /home/slynch/dev/moodle-code-window/emsdk_portable/clang/fastcomp/build_master_64/CMakeFiles/CMakeTmp/CMakeFiles 1
Building C object CMakeFiles/cmTryCompileExec4082854665.dir/CheckIncludeFile.c.o
/usr/bin/cc    -o CMakeFiles/cmTryCompileExec4082854665.dir/CheckIncludeFile.c.o   -c /home/slynch/dev/moodle-code-window/emsdk_portable/clang/fastcomp/build_master_64/CMakeFiles/CMakeTmp/CheckIncludeFile.c
/home/slynch/dev/moodle-code-window/emsdk_portable/clang/fastcomp/build_master_64/CMakeFiles/CMakeTmp/CheckIncludeFile.c:1:31: fatal error: valgrind/valgrind.h: No such file or directory
compilation terminated.
CMakeFiles/cmTryCompileExec4082854665.dir/build.make:57: recipe for target 'CMakeFiles/cmTryCompileExec4082854665.dir/CheckIncludeFile.c.o' failed
make[1]: Leaving directory '/home/slynch/dev/moodle-code-window/emsdk_portable/clang/fastcomp/build_master_64/CMakeFiles/CMakeTmp'
make[1]: *** [CMakeFiles/cmTryCompileExec4082854665.dir/CheckIncludeFile.c.o] Error 1
Makefile:117: recipe for target 'cmTryCompileExec4082854665/fast' failed
make: *** [cmTryCompileExec4082854665/fast] Error 2


Determining if the include file mach/mach.h exists failed with the following output:
Change Dir: /home/slynch/dev/moodle-code-window/emsdk_portable/clang/fastcomp/build_master_64/CMakeFiles/CMakeTmp

Run Build Command:"/usr/bin/make" "cmTryCompileExec3441873722/fast"
/usr/bin/make -f CMakeFiles/cmTryCompileExec3441873722.dir/build.make CMakeFiles/cmTryCompileExec3441873722.dir/build
make[1]: Entering directory '/home/slynch/dev/moodle-code-window/emsdk_portable/clang/fastcomp/build_master_64/CMakeFiles/CMakeTmp'
/usr/bin/cmake -E cmake_progress_report /home/slynch/dev/moodle-code-window/emsdk_portable/clang/fastcomp/build_master_64/CMakeFiles/CMakeTmp/CMakeFiles 1
Building C object CMakeFiles/cmTryCompileExec3441873722.dir/CheckIncludeFile.c.o
/usr/bin/cc    -o CMakeFiles/cmTryCompileExec3441873722.dir/CheckIncludeFile.c.o   -c /home/slynch/dev/moodle-code-window/emsdk_portable/clang/fastcomp/build_master_64/CMakeFiles/CMakeTmp/CheckIncludeFile.c
/home/slynch/dev/moodle-code-window/emsdk_portable/clang/fastcomp/build_master_64/CMakeFiles/CMakeTmp/CheckIncludeFile.c:1:23: fatal error: mach/mach.h: No such file or directory
compilation terminated.
CMakeFiles/cmTryCompileExec3441873722.dir/build.make:57: recipe for target 'CMakeFiles/cmTryCompileExec3441873722.dir/CheckIncludeFile.c.o' failed
make[1]: Leaving directory '/home/slynch/dev/moodle-code-window/emsdk_portable/clang/fastcomp/build_master_64/CMakeFiles/CMakeTmp'
make[1]: *** [CMakeFiles/cmTryCompileExec3441873722.dir/CheckIncludeFile.c.o] Error 1
Makefile:117: recipe for target 'cmTryCompileExec3441873722/fast' failed
make: *** [cmTryCompileExec3441873722/fast] Error 2


Determining if the include file mach-o/dyld.h exists failed with the following output:
Change Dir: /home/slynch/dev/moodle-code-window/emsdk_portable/clang/fastcomp/build_master_64/CMakeFiles/CMakeTmp

Run Build Command:"/usr/bin/make" "cmTryCompileExec770247801/fast"
/usr/bin/make -f CMakeFiles/cmTryCompileExec770247801.dir/build.make CMakeFiles/cmTryCompileExec770247801.dir/build
make[1]: Entering directory '/home/slynch/dev/moodle-code-window/emsdk_portable/clang/fastcomp/build_master_64/CMakeFiles/CMakeTmp'
/usr/bin/cmake -E cmake_progress_report /home/slynch/dev/moodle-code-window/emsdk_portable/clang/fastcomp/build_master_64/CMakeFiles/CMakeTmp/CMakeFiles 1
Building C object CMakeFiles/cmTryCompileExec770247801.dir/CheckIncludeFile.c.o
/usr/bin/cc    -o CMakeFiles/cmTryCompileExec770247801.dir/CheckIncludeFile.c.o   -c /home/slynch/dev/moodle-code-window/emsdk_portable/clang/fastcomp/build_master_64/CMakeFiles/CMakeTmp/CheckIncludeFile.c
/home/slynch/dev/moodle-code-window/emsdk_portable/clang/fastcomp/build_master_64/CMakeFiles/CMakeTmp/CheckIncludeFile.c:1:25: fatal error: mach-o/dyld.h: No such file or directory
compilation terminated.
CMakeFiles/cmTryCompileExec770247801.dir/build.make:57: recipe for target 'CMakeFiles/cmTryCompileExec770247801.dir/CheckIncludeFile.c.o' failed
make[1]: Leaving directory '/home/slynch/dev/moodle-code-window/emsdk_portable/clang/fastcomp/build_master_64/CMakeFiles/CMakeTmp'
make[1]: *** [CMakeFiles/cmTryCompileExec770247801.dir/CheckIncludeFile.c.o] Error 1
Makefile:117: recipe for target 'cmTryCompileExec770247801/fast' failed
make: *** [cmTryCompileExec770247801/fast] Error 2


Determining if the include file histedit.h exists failed with the following output:
Change Dir: /home/slynch/dev/moodle-code-window/emsdk_portable/clang/fastcomp/build_master_64/CMakeFiles/CMakeTmp

Run Build Command:"/usr/bin/make" "cmTryCompileExec1561710544/fast"
/usr/bin/make -f CMakeFiles/cmTryCompileExec1561710544.dir/build.make CMakeFiles/cmTryCompileExec1561710544.dir/build
make[1]: Entering directory '/home/slynch/dev/moodle-code-window/emsdk_portable/clang/fastcomp/build_master_64/CMakeFiles/CMakeTmp'
/usr/bin/cmake -E cmake_progress_report /home/slynch/dev/moodle-code-window/emsdk_portable/clang/fastcomp/build_master_64/CMakeFiles/CMakeTmp/CMakeFiles 1
Building C object CMakeFiles/cmTryCompileExec1561710544.dir/CheckIncludeFile.c.o
/usr/bin/cc    -o CMakeFiles/cmTryCompileExec1561710544.dir/CheckIncludeFile.c.o   -c /home/slynch/dev/moodle-code-window/emsdk_portable/clang/fastcomp/build_master_64/CMakeFiles/CMakeTmp/CheckIncludeFile.c
/home/slynch/dev/moodle-code-window/emsdk_portable/clang/fastcomp/build_master_64/CMakeFiles/CMakeTmp/CheckIncludeFile.c:1:22: fatal error: histedit.h: No such file or directory
compilation terminated.
CMakeFiles/cmTryCompileExec1561710544.dir/build.make:57: recipe for target 'CMakeFiles/cmTryCompileExec1561710544.dir/CheckIncludeFile.c.o' failed
make[1]: Leaving directory '/home/slynch/dev/moodle-code-window/emsdk_portable/clang/fastcomp/build_master_64/CMakeFiles/CMakeTmp'
make[1]: *** [CMakeFiles/cmTryCompileExec1561710544.dir/CheckIncludeFile.c.o] Error 1
Makefile:117: recipe for target 'cmTryCompileExec1561710544/fast' failed
make: *** [cmTryCompileExec1561710544/fast] Error 2


Determining if the arc4random exist failed with the following output:
Change Dir: /home/slynch/dev/moodle-code-window/emsdk_portable/clang/fastcomp/build_master_64/CMakeFiles/CMakeTmp

Run Build Command:"/usr/bin/make" "cmTryCompileExec2074652811/fast"
/usr/bin/make -f CMakeFiles/cmTryCompileExec2074652811.dir/build.make CMakeFiles/cmTryCompileExec2074652811.dir/build
make[1]: Entering directory '/home/slynch/dev/moodle-code-window/emsdk_portable/clang/fastcomp/build_master_64/CMakeFiles/CMakeTmp'
/usr/bin/cmake -E cmake_progress_report /home/slynch/dev/moodle-code-window/emsdk_portable/clang/fastcomp/build_master_64/CMakeFiles/CMakeTmp/CMakeFiles 1
Building C object CMakeFiles/cmTryCompileExec2074652811.dir/CheckSymbolExists.c.o
/usr/bin/cc    -o CMakeFiles/cmTryCompileExec2074652811.dir/CheckSymbolExists.c.o   -c /home/slynch/dev/moodle-code-window/emsdk_portable/clang/fastcomp/build_master_64/CMakeFiles/CMakeTmp/CheckSymbolExists.c
/home/slynch/dev/moodle-code-window/emsdk_portable/clang/fastcomp/build_master_64/CMakeFiles/CMakeTmp/CheckSymbolExists.c: In function ‘main’:
/home/slynch/dev/moodle-code-window/emsdk_portable/clang/fastcomp/build_master_64/CMakeFiles/CMakeTmp/CheckSymbolExists.c:8:19: error: ‘arc4random’ undeclared (first use in this function)
   return ((int*)(&arc4random))[argc];
                   ^
/home/slynch/dev/moodle-code-window/emsdk_portable/clang/fastcomp/build_master_64/CMakeFiles/CMakeTmp/CheckSymbolExists.c:8:19: note: each undeclared identifier is reported only once for each function it appears in
CMakeFiles/cmTryCompileExec2074652811.dir/build.make:57: recipe for target 'CMakeFiles/cmTryCompileExec2074652811.dir/CheckSymbolExists.c.o' failed
make[1]: Leaving directory '/home/slynch/dev/moodle-code-window/emsdk_portable/clang/fastcomp/build_master_64/CMakeFiles/CMakeTmp'
make[1]: *** [CMakeFiles/cmTryCompileExec2074652811.dir/CheckSymbolExists.c.o] Error 1
Makefile:117: recipe for target 'cmTryCompileExec2074652811/fast' failed
make: *** [cmTryCompileExec2074652811/fast] Error 2

File /home/slynch/dev/moodle-code-window/emsdk_portable/clang/fastcomp/build_master_64/CMakeFiles/CMakeTmp/CheckSymbolExists.c:
/* */
#include <stdlib.h>

int main(int argc, char** argv)
{
  (void)argv;
#ifndef arc4random
  return ((int*)(&arc4random))[argc];
#else
  (void)argc;
  return 0;
#endif
}

Determining if the mallctl exist failed with the following output:
Change Dir: /home/slynch/dev/moodle-code-window/emsdk_portable/clang/fastcomp/build_master_64/CMakeFiles/CMakeTmp

Run Build Command:"/usr/bin/make" "cmTryCompileExec2790473413/fast"
/usr/bin/make -f CMakeFiles/cmTryCompileExec2790473413.dir/build.make CMakeFiles/cmTryCompileExec2790473413.dir/build
make[1]: Entering directory '/home/slynch/dev/moodle-code-window/emsdk_portable/clang/fastcomp/build_master_64/CMakeFiles/CMakeTmp'
/usr/bin/cmake -E cmake_progress_report /home/slynch/dev/moodle-code-window/emsdk_portable/clang/fastcomp/build_master_64/CMakeFiles/CMakeTmp/CMakeFiles 1
Building C object CMakeFiles/cmTryCompileExec2790473413.dir/CheckSymbolExists.c.o
/usr/bin/cc    -o CMakeFiles/cmTryCompileExec2790473413.dir/CheckSymbolExists.c.o   -c /home/slynch/dev/moodle-code-window/emsdk_portable/clang/fastcomp/build_master_64/CMakeFiles/CMakeTmp/CheckSymbolExists.c
/home/slynch/dev/moodle-code-window/emsdk_portable/clang/fastcomp/build_master_64/CMakeFiles/CMakeTmp/CheckSymbolExists.c:2:23: fatal error: malloc_np.h: No such file or directory
compilation terminated.
CMakeFiles/cmTryCompileExec2790473413.dir/build.make:57: recipe for target 'CMakeFiles/cmTryCompileExec2790473413.dir/CheckSymbolExists.c.o' failed
make[1]: Leaving directory '/home/slynch/dev/moodle-code-window/emsdk_portable/clang/fastcomp/build_master_64/CMakeFiles/CMakeTmp'
make[1]: *** [CMakeFiles/cmTryCompileExec2790473413.dir/CheckSymbolExists.c.o] Error 1
Makefile:117: recipe for target 'cmTryCompileExec2790473413/fast' failed
make: *** [cmTryCompileExec2790473413/fast] Error 2

File /home/slynch/dev/moodle-code-window/emsdk_portable/clang/fastcomp/build_master_64/CMakeFiles/CMakeTmp/CheckSymbolExists.c:
/* */
#include <malloc_np.h>

int main(int argc, char** argv)
{
  (void)argv;
#ifndef mallctl
  return ((int*)(&mallctl))[argc];
#else
  (void)argc;
  return 0;
#endif
}

Determining if the malloc_zone_statistics exist failed with the following output:
Change Dir: /home/slynch/dev/moodle-code-window/emsdk_portable/clang/fastcomp/build_master_64/CMakeFiles/CMakeTmp

Run Build Command:"/usr/bin/make" "cmTryCompileExec3429797300/fast"
/usr/bin/make -f CMakeFiles/cmTryCompileExec3429797300.dir/build.make CMakeFiles/cmTryCompileExec3429797300.dir/build
make[1]: Entering directory '/home/slynch/dev/moodle-code-window/emsdk_portable/clang/fastcomp/build_master_64/CMakeFiles/CMakeTmp'
/usr/bin/cmake -E cmake_progress_report /home/slynch/dev/moodle-code-window/emsdk_portable/clang/fastcomp/build_master_64/CMakeFiles/CMakeTmp/CMakeFiles 1
Building C object CMakeFiles/cmTryCompileExec3429797300.dir/CheckSymbolExists.c.o
/usr/bin/cc    -o CMakeFiles/cmTryCompileExec3429797300.dir/CheckSymbolExists.c.o   -c /home/slynch/dev/moodle-code-window/emsdk_portable/clang/fastcomp/build_master_64/CMakeFiles/CMakeTmp/CheckSymbolExists.c
/home/slynch/dev/moodle-code-window/emsdk_portable/clang/fastcomp/build_master_64/CMakeFiles/CMakeTmp/CheckSymbolExists.c:2:27: fatal error: malloc/malloc.h: No such file or directory
compilation terminated.
CMakeFiles/cmTryCompileExec3429797300.dir/build.make:57: recipe for target 'CMakeFiles/cmTryCompileExec3429797300.dir/CheckSymbolExists.c.o' failed
make[1]: Leaving directory '/home/slynch/dev/moodle-code-window/emsdk_portable/clang/fastcomp/build_master_64/CMakeFiles/CMakeTmp'
make[1]: *** [CMakeFiles/cmTryCompileExec3429797300.dir/CheckSymbolExists.c.o] Error 1
Makefile:117: recipe for target 'cmTryCompileExec3429797300/fast' failed
make: *** [cmTryCompileExec3429797300/fast] Error 2

File /home/slynch/dev/moodle-code-window/emsdk_portable/clang/fastcomp/build_master_64/CMakeFiles/CMakeTmp/CheckSymbolExists.c:
/* */
#include <malloc/malloc.h>

int main(int argc, char** argv)
{
  (void)argv;
#ifndef malloc_zone_statistics
  return ((int*)(&malloc_zone_statistics))[argc];
#else
  (void)argc;
  return 0;
#endif
}

Determining if the strerror_s exist failed with the following output:
Change Dir: /home/slynch/dev/moodle-code-window/emsdk_portable/clang/fastcomp/build_master_64/CMakeFiles/CMakeTmp

Run Build Command:"/usr/bin/make" "cmTryCompileExec2589677858/fast"
/usr/bin/make -f CMakeFiles/cmTryCompileExec2589677858.dir/build.make CMakeFiles/cmTryCompileExec2589677858.dir/build
make[1]: Entering directory '/home/slynch/dev/moodle-code-window/emsdk_portable/clang/fastcomp/build_master_64/CMakeFiles/CMakeTmp'
/usr/bin/cmake -E cmake_progress_report /home/slynch/dev/moodle-code-window/emsdk_portable/clang/fastcomp/build_master_64/CMakeFiles/CMakeTmp/CMakeFiles 1
Building C object CMakeFiles/cmTryCompileExec2589677858.dir/CheckSymbolExists.c.o
/usr/bin/cc    -o CMakeFiles/cmTryCompileExec2589677858.dir/CheckSymbolExists.c.o   -c /home/slynch/dev/moodle-code-window/emsdk_portable/clang/fastcomp/build_master_64/CMakeFiles/CMakeTmp/CheckSymbolExists.c
/home/slynch/dev/moodle-code-window/emsdk_portable/clang/fastcomp/build_master_64/CMakeFiles/CMakeTmp/CheckSymbolExists.c: In function ‘main’:
/home/slynch/dev/moodle-code-window/emsdk_portable/clang/fastcomp/build_master_64/CMakeFiles/CMakeTmp/CheckSymbolExists.c:8:19: error: ‘strerror_s’ undeclared (first use in this function)
   return ((int*)(&strerror_s))[argc];
                   ^
/home/slynch/dev/moodle-code-window/emsdk_portable/clang/fastcomp/build_master_64/CMakeFiles/CMakeTmp/CheckSymbolExists.c:8:19: note: each undeclared identifier is reported only once for each function it appears in
CMakeFiles/cmTryCompileExec2589677858.dir/build.make:57: recipe for target 'CMakeFiles/cmTryCompileExec2589677858.dir/CheckSymbolExists.c.o' failed
make[1]: Leaving directory '/home/slynch/dev/moodle-code-window/emsdk_portable/clang/fastcomp/build_master_64/CMakeFiles/CMakeTmp'
make[1]: *** [CMakeFiles/cmTryCompileExec2589677858.dir/CheckSymbolExists.c.o] Error 1
Makefile:117: recipe for target 'cmTryCompileExec2589677858/fast' failed
make: *** [cmTryCompileExec2589677858/fast] Error 2

File /home/slynch/dev/moodle-code-window/emsdk_portable/clang/fastcomp/build_master_64/CMakeFiles/CMakeTmp/CheckSymbolExists.c:
/* */
#include <string.h>

int main(int argc, char** argv)
{
  (void)argv;
#ifndef strerror_s
  return ((int*)(&strerror_s))[argc];
#else
  (void)argc;
  return 0;
#endif
}

Performing C SOURCE FILE Test C_SUPPORTS_COVERED_SWITCH_DEFAULT_FLAG failed with the following output:
Change Dir: /home/slynch/dev/moodle-code-window/emsdk_portable/clang/fastcomp/build_master_64/CMakeFiles/CMakeTmp

Run Build Command:"/usr/bin/make" "cmTryCompileExec2746975723/fast"
/usr/bin/make -f CMakeFiles/cmTryCompileExec2746975723.dir/build.make CMakeFiles/cmTryCompileExec2746975723.dir/build
make[1]: Entering directory '/home/slynch/dev/moodle-code-window/emsdk_portable/clang/fastcomp/build_master_64/CMakeFiles/CMakeTmp'
/usr/bin/cmake -E cmake_progress_report /home/slynch/dev/moodle-code-window/emsdk_portable/clang/fastcomp/build_master_64/CMakeFiles/CMakeTmp/CMakeFiles 1
Building C object CMakeFiles/cmTryCompileExec2746975723.dir/src.c.o
/usr/bin/cc   -fPIC -Wall -W -Wno-unused-parameter -Wwrite-strings -Wno-missing-field-initializers -pedantic -Wno-long-long -DC_SUPPORTS_COVERED_SWITCH_DEFAULT_FLAG   -Werror -Wcovered-switch-default -o CMakeFiles/cmTryCompileExec2746975723.dir/src.c.o   -c /home/slynch/dev/moodle-code-window/emsdk_portable/clang/fastcomp/build_master_64/CMakeFiles/CMakeTmp/src.c
cc: error: unrecognized command line option '-Wcovered-switch-default'
CMakeFiles/cmTryCompileExec2746975723.dir/build.make:57: recipe for target 'CMakeFiles/cmTryCompileExec2746975723.dir/src.c.o' failed
make[1]: Leaving directory '/home/slynch/dev/moodle-code-window/emsdk_portable/clang/fastcomp/build_master_64/CMakeFiles/CMakeTmp'
make[1]: *** [CMakeFiles/cmTryCompileExec2746975723.dir/src.c.o] Error 1
Makefile:117: recipe for target 'cmTryCompileExec2746975723/fast' failed
make: *** [cmTryCompileExec2746975723/fast] Error 2

Source file was:
int main(void) { return 0; }
Performing C++ SOURCE FILE Test CXX_SUPPORTS_COVERED_SWITCH_DEFAULT_FLAG failed with the following output:
Change Dir: /home/slynch/dev/moodle-code-window/emsdk_portable/clang/fastcomp/build_master_64/CMakeFiles/CMakeTmp

Run Build Command:"/usr/bin/make" "cmTryCompileExec293580844/fast"
/usr/bin/make -f CMakeFiles/cmTryCompileExec293580844.dir/build.make CMakeFiles/cmTryCompileExec293580844.dir/build
make[1]: Entering directory '/home/slynch/dev/moodle-code-window/emsdk_portable/clang/fastcomp/build_master_64/CMakeFiles/CMakeTmp'
/usr/bin/cmake -E cmake_progress_report /home/slynch/dev/moodle-code-window/emsdk_portable/clang/fastcomp/build_master_64/CMakeFiles/CMakeTmp/CMakeFiles 1
Building CXX object CMakeFiles/cmTryCompileExec293580844.dir/src.cxx.o
/usr/bin/c++    -fPIC -fvisibility-inlines-hidden -Wall -W -Wno-unused-parameter -Wwrite-strings -Wcast-qual -Wno-missing-field-initializers -pedantic -Wno-long-long -DCXX_SUPPORTS_COVERED_SWITCH_DEFAULT_FLAG   -Werror -Wcovered-switch-default -o CMakeFiles/cmTryCompileExec293580844.dir/src.cxx.o -c /home/slynch/dev/moodle-code-window/emsdk_portable/clang/fastcomp/build_master_64/CMakeFiles/CMakeTmp/src.cxx
c++: error: unrecognized command line option '-Wcovered-switch-default'
CMakeFiles/cmTryCompileExec293580844.dir/build.make:57: recipe for target 'CMakeFiles/cmTryCompileExec293580844.dir/src.cxx.o' failed
make[1]: Leaving directory '/home/slynch/dev/moodle-code-window/emsdk_portable/clang/fastcomp/build_master_64/CMakeFiles/CMakeTmp'
make[1]: *** [CMakeFiles/cmTryCompileExec293580844.dir/src.cxx.o] Error 1
Makefile:117: recipe for target 'cmTryCompileExec293580844/fast' failed
make: *** [cmTryCompileExec293580844/fast] Error 2

Source file was:
int main() { return 0; }
Performing C SOURCE FILE Test C_SUPPORTS_DELETE_NON_VIRTUAL_DTOR_FLAG failed with the following output:
Change Dir: /home/slynch/dev/moodle-code-window/emsdk_portable/clang/fastcomp/build_master_64/CMakeFiles/CMakeTmp

Run Build Command:"/usr/bin/make" "cmTryCompileExec3661371580/fast"
/usr/bin/make -f CMakeFiles/cmTryCompileExec3661371580.dir/build.make CMakeFiles/cmTryCompileExec3661371580.dir/build
make[1]: Entering directory '/home/slynch/dev/moodle-code-window/emsdk_portable/clang/fastcomp/build_master_64/CMakeFiles/CMakeTmp'
/usr/bin/cmake -E cmake_progress_report /home/slynch/dev/moodle-code-window/emsdk_portable/clang/fastcomp/build_master_64/CMakeFiles/CMakeTmp/CMakeFiles 1
Building C object CMakeFiles/cmTryCompileExec3661371580.dir/src.c.o
/usr/bin/cc   -fPIC -Wall -W -Wno-unused-parameter -Wwrite-strings -Wno-missing-field-initializers -pedantic -Wno-long-long -DC_SUPPORTS_DELETE_NON_VIRTUAL_DTOR_FLAG   -Werror -Wdelete-non-virtual-dtor -o CMakeFiles/cmTryCompileExec3661371580.dir/src.c.o   -c /home/slynch/dev/moodle-code-window/emsdk_portable/clang/fastcomp/build_master_64/CMakeFiles/CMakeTmp/src.c
cc1: error: command line option '-Wdelete-non-virtual-dtor' is valid for C++/ObjC++ but not for C [-Werror]
cc1: all warnings being treated as errors
CMakeFiles/cmTryCompileExec3661371580.dir/build.make:57: recipe for target 'CMakeFiles/cmTryCompileExec3661371580.dir/src.c.o' failed
make[1]: Leaving directory '/home/slynch/dev/moodle-code-window/emsdk_portable/clang/fastcomp/build_master_64/CMakeFiles/CMakeTmp'
make[1]: *** [CMakeFiles/cmTryCompileExec3661371580.dir/src.c.o] Error 1
Makefile:117: recipe for target 'cmTryCompileExec3661371580/fast' failed
make: *** [cmTryCompileExec3661371580/fast] Error 2

Source file was:
int main(void) { return 0; }
Performing C SOURCE FILE Test C_WCOMMENT_ALLOWS_LINE_WRAP failed with the following output:
Change Dir: /home/slynch/dev/moodle-code-window/emsdk_portable/clang/fastcomp/build_master_64/CMakeFiles/CMakeTmp

Run Build Command:"/usr/bin/make" "cmTryCompileExec258156204/fast"
/usr/bin/make -f CMakeFiles/cmTryCompileExec258156204.dir/build.make CMakeFiles/cmTryCompileExec258156204.dir/build
make[1]: Entering directory '/home/slynch/dev/moodle-code-window/emsdk_portable/clang/fastcomp/build_master_64/CMakeFiles/CMakeTmp'
/usr/bin/cmake -E cmake_progress_report /home/slynch/dev/moodle-code-window/emsdk_portable/clang/fastcomp/build_master_64/CMakeFiles/CMakeTmp/CMakeFiles 1
Building C object CMakeFiles/cmTryCompileExec258156204.dir/src.c.o
/usr/bin/cc   -fPIC -Wall -W -Wno-unused-parameter -Wwrite-strings -Wno-missing-field-initializers -pedantic -Wno-long-long -DC_WCOMMENT_ALLOWS_LINE_WRAP  -Werror -Wcomment   -o CMakeFiles/cmTryCompileExec258156204.dir/src.c.o   -c /home/slynch/dev/moodle-code-window/emsdk_portable/clang/fastcomp/build_master_64/CMakeFiles/CMakeTmp/src.c
/home/slynch/dev/moodle-code-window/emsdk_portable/clang/fastcomp/build_master_64/CMakeFiles/CMakeTmp/src.c:1:1: error: multi-line comment [-Werror=comment]
 // \
 ^
cc1: all warnings being treated as errors
CMakeFiles/cmTryCompileExec258156204.dir/build.make:57: recipe for target 'CMakeFiles/cmTryCompileExec258156204.dir/src.c.o' failed
make[1]: Leaving directory '/home/slynch/dev/moodle-code-window/emsdk_portable/clang/fastcomp/build_master_64/CMakeFiles/CMakeTmp'
make[1]: *** [CMakeFiles/cmTryCompileExec258156204.dir/src.c.o] Error 1
Makefile:117: recipe for target 'cmTryCompileExec258156204/fast' failed
make: *** [cmTryCompileExec258156204/fast] Error 2

Source file was:
// \
//
int main() {return 0;}
Performing C++ SOURCE FILE Test CXX_SUPPORTS_NO_NESTED_ANON_TYPES_FLAG failed with the following output:
Change Dir: /home/slynch/dev/moodle-code-window/emsdk_portable/clang/fastcomp/build_master_64/CMakeFiles/CMakeTmp

Run Build Command:"/usr/bin/make" "cmTryCompileExec1589283440/fast"
/usr/bin/make -f CMakeFiles/cmTryCompileExec1589283440.dir/build.make CMakeFiles/cmTryCompileExec1589283440.dir/build
make[1]: Entering directory '/home/slynch/dev/moodle-code-window/emsdk_portable/clang/fastcomp/build_master_64/CMakeFiles/CMakeTmp'
/usr/bin/cmake -E cmake_progress_report /home/slynch/dev/moodle-code-window/emsdk_portable/clang/fastcomp/build_master_64/CMakeFiles/CMakeTmp/CMakeFiles 1
Building CXX object CMakeFiles/cmTryCompileExec1589283440.dir/src.cxx.o
/usr/bin/c++    -fPIC -fvisibility-inlines-hidden -Wall -W -Wno-unused-parameter -Wwrite-strings -Wcast-qual -Wno-missing-field-initializers -pedantic -Wno-long-long -Wno-maybe-uninitialized -Wdelete-non-virtual-dtor -Wno-comment -std=c++11 -ffunction-sections -fdata-sections -fno-common -Woverloaded-virtual -fno-strict-aliasing -DCXX_SUPPORTS_NO_NESTED_ANON_TYPES_FLAG   -Werror -Wnested-anon-types -o CMakeFiles/cmTryCompileExec1589283440.dir/src.cxx.o -c /home/slynch/dev/moodle-code-window/emsdk_portable/clang/fastcomp/build_master_64/CMakeFiles/CMakeTmp/src.cxx
c++: error: unrecognized command line option '-Wnested-anon-types'
CMakeFiles/cmTryCompileExec1589283440.dir/build.make:57: recipe for target 'CMakeFiles/cmTryCompileExec1589283440.dir/src.cxx.o' failed
make[1]: Leaving directory '/home/slynch/dev/moodle-code-window/emsdk_portable/clang/fastcomp/build_master_64/CMakeFiles/CMakeTmp'
make[1]: *** [CMakeFiles/cmTryCompileExec1589283440.dir/src.cxx.o] Error 1
Makefile:117: recipe for target 'cmTryCompileExec1589283440/fast' failed
make: *** [cmTryCompileExec1589283440/fast] Error 2

Source file was:
int main() { return 0; }
